<?xml version="1.0" encoding="UTF-8"?>
<testsuite xmlns:xsi="http://www.w3.org/2001/XMLSchema-instance" xsi:noNamespaceSchemaLocation="https://maven.apache.org/surefire/maven-surefire-plugin/xsd/surefire-test-report-3.0.xsd" version="3.0" name="com.centrodistribuicao.CentroDistribuicaoTest" time="0.133" tests="14" errors="1" skipped="0" failures="0">
  <properties>
[...]
</properties>
  <testcase name="testeSituacaoEmergenciaPedidoCombustivelEstrategico" classname="com.centrodistribuicao.CentroDistribuicaoTest" time="0.066"/>
  <testcase name="testeArumentoInvalidoConstrutor" classname="com.centrodistribuicao.CentroDistribuicaoTest" time="0">
    <error type="java.lang.IllegalArgumentException"><![CDATA[java.lang.IllegalArgumentException: A quantidade deve ser maior que zero!
	at com.centrodistribuicao.CentroDistribuicaoTest.testeArumentoInvalidoConstrutor(CentroDistribuicaoTest.java:241)
]]></error>
  </testcase>
  <testcase name="testeSobravisoParaNormal" classname="com.centrodistribuicao.CentroDistribuicaoTest" time="0"/>
  <testcase name="testeSituacaoSobravisoParaEmergenciaPedidoCombustivelComum" classname="com.centrodistribuicao.CentroDistribuicaoTest" time="0"/>
  <testcase name="testeSituacaoEmergenciaPedidoCombustivelComum" classname="com.centrodistribuicao.CentroDistribuicaoTest" time="0"/>
  <testcase name="testeSituacaoNormalPedidoCombustivelComum" classname="com.centrodistribuicao.CentroDistribuicaoTest" time="0"/>
  <testcase name="testeSituacaoNormalPedidoCombustivelEstrategico" classname="com.centrodistribuicao.CentroDistribuicaoTest" time="0"/>
  <testcase name="testeSituacaoNormal" classname="com.centrodistribuicao.CentroDistribuicaoTest" time="0"/>
  <testcase name="testeSituacaoEmergencia" classname="com.centrodistribuicao.CentroDistribuicaoTest" time="0"/>
  <testcase name="testeSituacaoSobraviso" classname="com.centrodistribuicao.CentroDistribuicaoTest" time="0.009"/>
  <testcase name="testeSituacaoSobravisoPedidoCombustivelEstrategico" classname="com.centrodistribuicao.CentroDistribuicaoTest" time="0"/>
  <testcase name="testeEmergenciaParaSobraviso" classname="com.centrodistribuicao.CentroDistribuicaoTest" time="0"/>
  <testcase name="testeSituacaoSobravisoPedidoCombustivelComum" classname="com.centrodistribuicao.CentroDistribuicaoTest" time="0"/>
  <testcase name="testeSituacaoNormalParaSobravisoPedidoCombustivelComum" classname="com.centrodistribuicao.CentroDistribuicaoTest" time="0"/>
</testsuite>